<?xml version="1.0" encoding="UTF-8"?>
<!-- Generated by org.testng.reporters.JUnitReportReporter -->
<testsuite skipped="0" hostname="DESKTOP-LBN8TGD" name="weathershopper.Demo" tests="1" failures="0" timestamp="23 Jun 2020 13:20:40 GMT" time="0.121" errors="0">
  <testcase name="temp" time="0.121" classname="weathershopper.Demo"/>
</testsuite> <!-- weathershopper.Demo -->
