<?xml version="1.0" encoding="UTF-8"?>
<!-- Generated by org.testng.reporters.JUnitReportReporter -->
<testsuite skipped="0" hostname="DESKTOP-LBN8TGD" name="script.TestCase" tests="4" failures="0" timestamp="25 Jun 2020 16:04:35 GMT" time="14.389" errors="0">
  <testcase name="validGetTemp" time="0.274" classname="script.TestCase"/>
  <testcase name="validChooseProduct" time="5.867" classname="script.TestCase"/>
  <testcase name="validCheckout" time="1.744" classname="script.TestCase"/>
  <testcase name="validPaymentDetails" time="6.504" classname="script.TestCase"/>
</testsuite> <!-- script.TestCase -->
